 
30.06.2005 22:10:21  -------------------------------
30.06.2005 22:10:21  Запуск программы...
30.06.2005 22:10:21  Создана (открыта) общая область памяти [PM_GLMEMNAME]
 
30.06.2005 22:15:35  -------------------------------
30.06.2005 22:15:35  Запуск программы...
30.06.2005 22:15:35  Создана (открыта) общая область памяти [PM_GLMEMNAME]
 
30.06.2005 22:16:24  -------------------------------
30.06.2005 22:16:24  Запуск программы...
30.06.2005 22:16:24  Создана (открыта) общая область памяти [PM_GLMEMNAME]
 
30.06.2005 22:17:18  -------------------------------
30.06.2005 22:17:18  Запуск программы...
30.06.2005 22:17:18  Создана (открыта) общая область памяти [PM_GLMEMNAME]
 
30.06.2005 22:23:38  -------------------------------
30.06.2005 22:23:38  Запуск программы...
30.06.2005 22:23:38  Создана (открыта) общая область памяти [PM_GLMEMNAME]
30.06.2005 22:23:40  Нет ответа от 1-го процесса [C:\TEMP\DIVZ.EXE]
30.06.2005 22:23:42  Нет ответа от 1-го процесса [C:\TEMP\DIVZ.EXE]
30.06.2005 22:23:44  Нет ответа от 1-го процесса [C:\TEMP\DIVZ.EXE]
30.06.2005 22:23:46  Нет ответа от 1-го процесса [C:\TEMP\DIVZ.EXE]
30.06.2005 22:23:48  Нет ответа от 1-го процесса [C:\TEMP\DIVZ.EXE]
 
30.06.2005 22:24:47  -------------------------------
30.06.2005 22:24:47  Запуск программы...
30.06.2005 22:24:47  Создана (открыта) общая область памяти [PM_GLMEMNAME]
30.06.2005 22:24:49  Нет ответа от 1-го процесса [C:\TEMP\DIVZ.EXE]
30.06.2005 22:25:29  Не найден файл 1-го процесса [C:\TEMP\DIVZ.EXE]
30.06.2005 22:25:31  Не найден файл 1-го процесса [C:\TEMP\DIVZ.EXE]
30.06.2005 22:25:33  Не найден файл 1-го процесса [C:\TEMP\DIVZ.EXE]
30.06.2005 22:25:35  Не найден файл 1-го процесса [C:\TEMP\DIVZ.EXE]
30.06.2005 22:25:37  Не найден файл 1-го процесса [C:\TEMP\DIVZ.EXE]
30.06.2005 22:25:39  Не найден файл 1-го процесса [C:\TEMP\DIVZ.EXE]
 
30.06.2005 22:30:33  -------------------------------
30.06.2005 22:30:33  Запуск программы...
30.06.2005 22:30:33  Создана (открыта) общая область памяти [PM_GLMEMNAME]
30.06.2005 22:30:35  Нет ответа от 1-го процесса [C:\TEMP\DIVZ.EXE]
30.06.2005 22:31:17  Не найден файл 1-го процесса [C:\TEMP\DIVZ.EXE]
 
30.06.2005 22:31:45  -------------------------------
30.06.2005 22:31:45  Запуск программы...
30.06.2005 22:31:45  Создана (открыта) общая область памяти [PM_GLMEMNAME]
30.06.2005 22:31:47  Нет ответа от 1-го процесса [C:\TMP\DIVZ.EXE]
30.06.2005 22:32:09  Запуск 1-го процесса [C:\TMP\DIVZ.EXE]
30.06.2005 22:32:13  Есть ответ от 1-го процесса [C:\TMP\DIVZ.EXE]
30.06.2005 22:32:35  Нет ответа от 1-го процесса [C:\TMP\DIVZ.EXE]
30.06.2005 22:32:57  Запуск 1-го процесса [C:\TMP\DIVZ.EXE]
30.06.2005 22:33:01  Есть ответ от 1-го процесса [C:\TMP\DIVZ.EXE]
30.06.2005 22:33:23  Нет ответа от 1-го процесса [C:\TMP\DIVZ.EXE]
 
30.06.2005 22:41:04  -------------------------------
30.06.2005 22:41:04  Запуск программы...
30.06.2005 22:41:04  Создана (открыта) общая область памяти [PM_GLMEMNAME]
30.06.2005 22:41:06  Нет ответа от 1-го процесса [C:\TMP\DIVZ.EXE]
30.06.2005 22:41:06  Нет ответа от 2-го процесса [C:\bazas\SrvManager\NTLDSRV.EXENTLDSRV.EXE]
30.06.2005 22:41:06  Нет ответа от 3-го процесса [C:\bazas\SrvManager\OPCCLIENT.EXEOPCCLIENT.EXE]
30.06.2005 22:41:08  Нет ответа от 2-го процесса [C:\bazas\SrvManager\NTLDSRV.EXENTLDSRV.EXE]
30.06.2005 22:41:08  Нет ответа от 3-го процесса [C:\bazas\SrvManager\OPCCLIENT.EXEOPCCLIENT.EXE]
30.06.2005 22:41:10  Нет ответа от 2-го процесса [C:\bazas\SrvManager\NTLDSRV.EXENTLDSRV.EXE]
30.06.2005 22:41:10  Нет ответа от 3-го процесса [C:\bazas\SrvManager\OPCCLIENT.EXEOPCCLIENT.EXE]
30.06.2005 22:41:12  Нет ответа от 2-го процесса [C:\bazas\SrvManager\NTLDSRV.EXENTLDSRV.EXE]
30.06.2005 22:41:12  Нет ответа от 3-го процесса [C:\bazas\SrvManager\OPCCLIENT.EXEOPCCLIENT.EXE]
30.06.2005 22:41:14  Нет ответа от 2-го процесса [C:\bazas\SrvManager\NTLDSRV.EXENTLDSRV.EXE]
30.06.2005 22:41:14  Нет ответа от 3-го процесса [C:\bazas\SrvManager\OPCCLIENT.EXEOPCCLIENT.EXE]
30.06.2005 22:41:16  Нет ответа от 2-го процесса [C:\bazas\SrvManager\NTLDSRV.EXENTLDSRV.EXE]
30.06.2005 22:41:16  Нет ответа от 3-го процесса [C:\bazas\SrvManager\OPCCLIENT.EXEOPCCLIENT.EXE]
 
30.06.2005 22:45:49  -------------------------------
30.06.2005 22:45:49  Запуск программы...
30.06.2005 22:45:49  Создана (открыта) общая область памяти [PM_GLMEMNAME]
30.06.2005 22:45:51  Нет ответа от 1-го процесса [C:\TMP\DIVZ.EXE]
30.06.2005 22:46:13  Запуск 1-го процесса [C:\TMP\DIVZ.EXE]
30.06.2005 22:46:17  Есть ответ от 1-го процесса [C:\TMP\DIVZ.EXE]
30.06.2005 22:46:17  Нет ответа от 2-го процесса [C:\bazas\SrvManager\NTLDSRV.EXENTLDSRV.EXE]
30.06.2005 22:46:39  Нет ответа от 1-го процесса [C:\TMP\DIVZ.EXE]
30.06.2005 22:47:01  Запуск 1-го процесса [C:\TMP\DIVZ.EXE]
30.06.2005 22:47:05  Есть ответ от 1-го процесса [C:\TMP\DIVZ.EXE]
 
30.06.2005 22:50:42  -------------------------------
30.06.2005 22:50:42  Запуск программы...
30.06.2005 22:50:42  Создана (открыта) общая область памяти [PM_GLMEMNAME]
30.06.2005 22:50:44  Нет ответа от 1-го процесса [C:\TMP\DIVZ.EXE]
30.06.2005 22:51:06  Запуск 1-го процесса [C:\TMP\DIVZ.EXE]
30.06.2005 22:51:10  Есть ответ от 1-го процесса [C:\TMP\DIVZ.EXE]
30.06.2005 22:51:10  Нет ответа от 2-го процесса [C:\bazas\SrvManager\NTLDSRV.EXENTLDSRV.EXE]
30.06.2005 22:51:12  Нет ответа от 2-го процесса [C:\bazas\SrvManager\NTLDSRV.EXENTLDSRV.EXE]
30.06.2005 22:51:14  Нет ответа от 2-го процесса [C:\bazas\SrvManager\NTLDSRV.EXENTLDSRV.EXE]
30.06.2005 22:51:16  Нет ответа от 2-го процесса [C:\bazas\SrvManager\NTLDSRV.EXENTLDSRV.EXE]
30.06.2005 22:51:18  Нет ответа от 2-го процесса [C:\bazas\SrvManager\NTLDSRV.EXENTLDSRV.EXE]
 
30.06.2005 22:56:06  -------------------------------
30.06.2005 22:56:06  Запуск программы...
30.06.2005 22:56:06  Создана (открыта) общая область памяти [PM_GLMEMNAME]
30.06.2005 22:56:08  Нет ответа от 1-го процесса [C:\TMP\DIVZ.EXE]
30.06.2005 22:56:30  Запуск 1-го процесса [C:\TMP\DIVZ.EXE]
30.06.2005 22:56:34  Есть ответ от 1-го процесса [C:\TMP\DIVZ.EXE]
30.06.2005 22:56:34  Нет ответа от 2-го процесса [C:\bazas\SrvManager\NTLDSRV.EXENTLDSRV.EXE]
30.06.2005 22:56:56  Нет ответа от 1-го процесса [C:\TMP\DIVZ.EXE]
30.06.2005 22:57:18  Запуск 1-го процесса [C:\TMP\DIVZ.EXE]
30.06.2005 22:57:22  Есть ответ от 1-го процесса [C:\TMP\DIVZ.EXE]
30.06.2005 22:57:22  Нет ответа от 2-го процесса [C:\bazas\SrvManager\NTLDSRV.EXENTLDSRV.EXE]
30.06.2005 22:57:44  Нет ответа от 1-го процесса [C:\TMP\DIVZ.EXE]
30.06.2005 22:58:06  Запуск 1-го процесса [C:\TMP\DIVZ.EXE]
30.06.2005 22:58:10  Есть ответ от 1-го процесса [C:\TMP\DIVZ.EXE]
30.06.2005 22:58:10  Нет ответа от 2-го процесса [C:\bazas\SrvManager\NTLDSRV.EXENTLDSRV.EXE]
 
30.06.2005 23:00:20  -------------------------------
30.06.2005 23:00:20  Запуск программы...
30.06.2005 23:00:20  Создана (открыта) общая область памяти [PM_GLMEMNAME]
30.06.2005 23:00:22  Нет ответа от 1-го процесса [C:\BAZA\TCPSRV.EXE]
30.06.2005 23:00:44  Запуск 1-го процесса [C:\BAZA\TCPSRV.EXE]
30.06.2005 23:00:48  Есть ответ от 1-го процесса [C:\BAZA\TCPSRV.EXE]
30.06.2005 23:00:48  Нет ответа от 2-го процесса [C:\bazas\SrvManager\NTLDSRV.EXENTLDSRV.EXE]
30.06.2005 23:01:08  Нет ответа от 1-го процесса [C:\BAZA\TCPSRV.EXE]
 
19.11.2022 5:29:15  -------------------------------
19.11.2022 5:29:15  Запуск программы...
19.11.2022 5:29:15  Создана (открыта) общая область памяти [PM_GLMEMNAME]
19.11.2022 5:29:17  Нет ответа от 1-го процесса [C:\BAZA\NTLDSRV.EXE]
 
20.11.2022 21:57:28  -------------------------------
20.11.2022 21:57:28  Запуск программы...
20.11.2022 21:57:28  Создана (открыта) общая область памяти [PM_GLMEMNAME]
20.11.2022 21:57:30  Нет ответа от 1-го процесса [C:\BAZA\NTLDSRV.EXE]
20.11.2022 21:57:52  Не найден файл 1-го процесса [C:\BAZA\NTLDSRV.EXE]
